[debug] [2020-12-09T10:59:37.570Z] ----------------------------------------------------------------------
[debug] [2020-12-09T10:59:37.572Z] Command:       C:\Program Files\nodejs\node.exe C:\Users\soban\AppData\Roaming\npm\node_modules\firebase-tools\lib\bin\firebase.js init
[debug] [2020-12-09T10:59:37.572Z] CLI Version:   8.18.0
[debug] [2020-12-09T10:59:37.572Z] Platform:      win32
[debug] [2020-12-09T10:59:37.572Z] Node Version:  v12.18.3
[debug] [2020-12-09T10:59:37.573Z] Time:          Wed Dec 09 2020 15:59:37 GMT+0500 (Pakistan Standard Time)
[debug] [2020-12-09T10:59:37.574Z] ----------------------------------------------------------------------
[debug] [2020-12-09T10:59:37.574Z] 
[debug] [2020-12-09T10:59:37.579Z] > command requires scopes: ["email","openid","https://www.googleapis.com/auth/cloudplatformprojects.readonly","https://www.googleapis.com/auth/firebase","https://www.googleapis.com/auth/cloud-platform"]
[debug] [2020-12-09T10:59:37.579Z] > authorizing via signed-in user
[info] 
     ######## #### ########  ######## ########     ###     ######  ########
     ##        ##  ##     ## ##       ##     ##  ##   ##  ##       ##
     ######    ##  ########  ######   ########  #########  ######  ######
     ##        ##  ##    ##  ##       ##     ## ##     ##       ## ##
     ##       #### ##     ## ######## ########  ##     ##  ######  ########

You're about to initialize a Firebase project in this directory:

  D:\BOOTCAMP\notification-messaging-app

[info] 
=== Project Setup
[info] 
[info] First, let's associate this project directory with a Firebase project.
[info] You can create multiple project aliases by running firebase use --add, 
[info] but for now we'll just set up a default project.
[info] 
[debug] [2020-12-09T10:59:51.438Z] >>> HTTP REQUEST GET https://firebase.googleapis.com/v1beta1/projects?pageSize=100  
 
[debug] [2020-12-09T10:59:55.286Z] <<< HTTP RESPONSE 200 {"content-type":"application/json; charset=UTF-8","vary":"X-Origin, Referer, Origin,Accept-Encoding","date":"Wed, 09 Dec 2020 10:59:53 GMT","server":"ESF","cache-control":"private","x-xss-protection":"0","x-frame-options":"SAMEORIGIN","x-content-type-options":"nosniff","alt-svc":"h3-29=\":443\"; ma=2592000,h3-T051=\":443\"; ma=2592000,h3-Q050=\":443\"; ma=2592000,h3-Q046=\":443\"; ma=2592000,h3-Q043=\":443\"; ma=2592000,quic=\":443\"; ma=2592000; v=\"46,43\"","accept-ranges":"none","transfer-encoding":"chunked"}
[info] i  Using project notification-message-41914 (notification-message) 
[info] 
=== Hosting Setup
[info] 
[info] Your public directory is the folder (relative to your project directory) that
[info] will contain Hosting assets to be uploaded with firebase deploy. If you
[info] have a build process for your assets, use your build's output directory.
[info] 
[debug] [2020-12-09T11:00:17.715Z] >>> [apiv2][query] GET https://www.gstatic.com/firebasejs/releases.json [none]
[debug] [2020-12-09T11:00:21.272Z] <<< [apiv2][status] GET https://www.gstatic.com/firebasejs/releases.json 200
[debug] [2020-12-09T11:00:21.273Z] <<< [apiv2][body] GET https://www.gstatic.com/firebasejs/releases.json {"current":{"version":"8.1.2","browserURL":"https://www.gstatic.com/firebasejs/8.1.2/firebase.js","packageURL":"https://www.gstatic.com/firebasejs/8.1.2/firebase.tgz"},"live":{"version":"8.1","browserURL":"https://www.gstatic.com/firebasejs/live/8.1/firebase.js","packageURL":"https://www.gstatic.com/firebasejs/live/8.1/firebase.tgz"},"components":{"analytics":"https://www.gstatic.com/firebasejs/8.1.2/firebase-analytics.js","app":"https://www.gstatic.com/firebasejs/8.1.2/firebase-app.js","auth":"https://www.gstatic.com/firebasejs/8.1.2/firebase-auth.js","database":"https://www.gstatic.com/firebasejs/8.1.2/firebase-database.js","firestore":"https://www.gstatic.com/firebasejs/8.1.2/firebase-firestore.js","functions":"https://www.gstatic.com/firebasejs/8.1.2/firebase-functions.js","installations":"https://www.gstatic.com/firebasejs/8.1.2/firebase-installations.js","messaging":"https://www.gstatic.com/firebasejs/8.1.2/firebase-messaging.js","storage":"https://www.gstatic.com/firebasejs/8.1.2/firebase-storage.js","performance":"https://www.gstatic.com/firebasejs/8.1.2/firebase-performance.js","remote-config":"https://www.gstatic.com/firebasejs/8.1.2/firebase-remote-config.js","firestore.memory":"https://www.gstatic.com/firebasejs/8.1.2/firebase-firestore.memory.js"}}
[info] +  Wrote y/index.html 
[info] 
[info] i  Detected a .git folder at D:\BOOTCAMP\notification-messaging-app 
[info] i  Authorizing with GitHub to upload your service account to a GitHub repository's secrets store. 
[info] 
[info] Visit this URL on this device to log in:
[info] https://github.com/login/oauth/authorize?client_id=89cf50f02ac6aaed3484&state=281475683&redirect_uri=http%3A%2F%2Flocalhost%3A9005&scope=read%3Auser%20repo%20public_repo
[info] 
[info] Waiting for authentication...
[debug] [2020-12-09T11:02:04.345Z] >>> HTTP REQUEST POST https://github.com/login/oauth/access_token  
 {"client_id":"89cf50f02ac6aaed3484","client_secret":"3330d14abc895d9a74d5f17cd7a00711fa2c5bf0","code":"4c34589a18c950d60d54","redirect_uri":"http://localhost:9005","state":"281475683"}
[debug] [2020-12-09T11:02:13.988Z] <<< HTTP RESPONSE 200 {"date":"Wed, 09 Dec 2020 11:02:12 GMT","content-type":"application/json; charset=utf-8","transfer-encoding":"chunked","server":"GitHub.com","status":"200 OK","vary":"X-PJAX, Accept-Encoding, Accept, X-Requested-With, Accept-Encoding","etag":"W/\"473ef8e8c5971497311c4d6f9ce3eddd\"","cache-control":"max-age=0, private, must-revalidate","strict-transport-security":"max-age=31536000; includeSubdomains; preload","x-frame-options":"deny","x-content-type-options":"nosniff","x-xss-protection":"1; mode=block","referrer-policy":"origin-when-cross-origin, strict-origin-when-cross-origin","expect-ct":"max-age=2592000, report-uri=\"https://api.github.com/_private/browser/errors\"","content-security-policy":"default-src 'none'; base-uri 'self'; block-all-mixed-content; connect-src 'self' uploads.github.com www.githubstatus.com collector.githubapp.com api.github.com github-cloud.s3.amazonaws.com github-production-repository-file-5c1aeb.s3.amazonaws.com github-production-upload-manifest-file-7fdce7.s3.amazonaws.com github-production-user-asset-6210df.s3.amazonaws.com cdn.optimizely.com logx.optimizely.com/v1/events wss://alive.github.com; font-src github.githubassets.com; form-action 'self' github.com gist.github.com; frame-ancestors 'none'; frame-src render.githubusercontent.com; img-src 'self' data: github.githubassets.com identicons.github.com collector.githubapp.com github-cloud.s3.amazonaws.com *.githubusercontent.com; manifest-src 'self'; media-src 'none'; script-src github.githubassets.com; style-src 'unsafe-inline' github.githubassets.com; worker-src github.com/socket-worker.js gist.github.com/socket-worker.js","x-github-request-id":"34A6:2E67:5C2601:77B12E:5FD0AEAE"}
[debug] [2020-12-09T11:02:13.989Z] >>> [apiv2][query] GET https://api.github.com/user [none]
[debug] [2020-12-09T11:02:15.525Z] <<< [apiv2][status] GET https://api.github.com/user 200
[debug] [2020-12-09T11:02:15.525Z] <<< [apiv2][body] GET https://api.github.com/user {"login":"sobankhan12","id":45793273,"node_id":"MDQ6VXNlcjQ1NzkzMjcz","avatar_url":"https://avatars1.githubusercontent.com/u/45793273?v=4","gravatar_id":"","url":"https://api.github.com/users/sobankhan12","html_url":"https://github.com/sobankhan12","followers_url":"https://api.github.com/users/sobankhan12/followers","following_url":"https://api.github.com/users/sobankhan12/following{/other_user}","gists_url":"https://api.github.com/users/sobankhan12/gists{/gist_id}","starred_url":"https://api.github.com/users/sobankhan12/starred{/owner}{/repo}","subscriptions_url":"https://api.github.com/users/sobankhan12/subscriptions","organizations_url":"https://api.github.com/users/sobankhan12/orgs","repos_url":"https://api.github.com/users/sobankhan12/repos","events_url":"https://api.github.com/users/sobankhan12/events{/privacy}","received_events_url":"https://api.github.com/users/sobankhan12/received_events","type":"User","site_admin":false,"name":"Soban khan","company":null,"blog":"","location":null,"email":null,"hireable":null,"bio":null,"twitter_username":null,"public_repos":42,"public_gists":0,"followers":1,"following":10,"created_at":"2018-12-11T14:30:27Z","updated_at":"2020-12-09T11:00:27Z","private_gists":0,"total_private_repos":0,"owned_private_repos":0,"disk_usage":59596,"collaborators":0,"two_factor_authentication":false,"plan":{"name":"pro","space":976562499,"collaborators":0,"private_repos":9999}}
[info] 
[info] +  Success! Logged into GitHub as sobankhan12 
[info] 
[debug] [2020-12-09T11:02:30.826Z] >>> [apiv2][query] GET https://api.github.com/repos//actions/secrets/public-key type=owner
[debug] [2020-12-09T11:02:34.998Z] <<< [apiv2][status] GET https://api.github.com/repos//actions/secrets/public-key 404
[debug] [2020-12-09T11:02:34.998Z] <<< [apiv2][body] GET https://api.github.com/repos//actions/secrets/public-key {"message":"Not Found","documentation_url":"https://docs.github.com/rest"}
[debug] [2020-12-09T11:18:44.848Z] ----------------------------------------------------------------------
[debug] [2020-12-09T11:18:44.850Z] Command:       C:\Program Files\nodejs\node.exe C:\Users\soban\AppData\Roaming\npm\node_modules\firebase-tools\lib\bin\firebase.js init
[debug] [2020-12-09T11:18:44.850Z] CLI Version:   8.18.0
[debug] [2020-12-09T11:18:44.851Z] Platform:      win32
[debug] [2020-12-09T11:18:44.851Z] Node Version:  v12.18.3
[debug] [2020-12-09T11:18:44.851Z] Time:          Wed Dec 09 2020 16:18:44 GMT+0500 (Pakistan Standard Time)
[debug] [2020-12-09T11:18:44.852Z] ----------------------------------------------------------------------
[debug] [2020-12-09T11:18:44.852Z] 
[debug] [2020-12-09T11:18:44.857Z] > command requires scopes: ["email","openid","https://www.googleapis.com/auth/cloudplatformprojects.readonly","https://www.googleapis.com/auth/firebase","https://www.googleapis.com/auth/cloud-platform"]
[debug] [2020-12-09T11:18:44.857Z] > authorizing via signed-in user
[info] 
     ######## #### ########  ######## ########     ###     ######  ########
     ##        ##  ##     ## ##       ##     ##  ##   ##  ##       ##
     ######    ##  ########  ######   ########  #########  ######  ######
     ##        ##  ##    ##  ##       ##     ## ##     ##       ## ##
     ##       #### ##     ## ######## ########  ##     ##  ######  ########

You're about to initialize a Firebase project in this directory:

  D:\BOOTCAMP\notification-messaging-app

